<?xml version="1.0" encoding="UTF-8"?>
<robot generator="Robot 7.0 (Python 3.12.6 on win32)" generated="2024-09-30T11:59:17.800295" rpa="false" schemaversion="5">
<suite id="s1" name="Testbsuite" source="C:\Users\a607482\eclipse-workspace\testb\testbsuite.robot">
<test id="s1-t1" name="premier test" line="6">
<kw name="Open Browser" owner="SeleniumLibrary">
<msg time="2024-09-30T11:59:18.036234" level="INFO">Opening browser 'chrome' to base url 'https://opensource-demo.orangehrmlive.com/'.</msg>
<msg time="2024-09-30T12:00:42.951437" level="WARN">Exception managing chrome: error sending request for url (https://googlechromelabs.github.io/chrome-for-testing/known-good-versions-with-downloads.json)</msg>
<arg>${URL}</arg>
<arg>chrome</arg>
<doc>Opens a new browser instance to the optional ``url``.</doc>
<status status="PASS" start="2024-09-30T11:59:18.036234" elapsed="88.940933"/>
</kw>
<kw name="Sleep" owner="BuiltIn">
<msg time="2024-09-30T12:01:06.978947" level="INFO">Slept 20 seconds.</msg>
<arg>20</arg>
<doc>Pauses the test executed for the given time.</doc>
<status status="PASS" start="2024-09-30T12:00:46.977167" elapsed="20.001780"/>
</kw>
<kw name="Wait Until Page Contains" owner="SeleniumLibrary">
<arg>Username</arg>
<doc>Waits until ``text`` appears on the current page.</doc>
<status status="PASS" start="2024-09-30T12:01:06.978947" elapsed="0.023361"/>
</kw>
<kw name="LoginKW">
<kw name="Input Text" owner="SeleniumLibrary">
<msg time="2024-09-30T12:01:07.002308" level="INFO">Typing text 'Admin' into text field 'name=username'.</msg>
<arg>name=username</arg>
<arg>Admin</arg>
<doc>Types the given ``text`` into the text field identified by ``locator``.</doc>
<status status="PASS" start="2024-09-30T12:01:07.002308" elapsed="0.138683"/>
</kw>
<kw name="Input Password" owner="SeleniumLibrary">
<msg time="2024-09-30T12:01:07.140991" level="INFO">Typing password into text field 'name=password'.</msg>
<msg time="2024-09-30T12:01:07.166958" level="INFO">Temporally setting log level to: NONE</msg>
<arg>name=password</arg>
<arg>admin123</arg>
<doc>Types the given password into the text field identified by ``locator``.</doc>
<status status="PASS" start="2024-09-30T12:01:07.140991" elapsed="0.079413"/>
</kw>
<status status="PASS" start="2024-09-30T12:01:07.002308" elapsed="0.218096"/>
</kw>
<kw name="Sleep" owner="BuiltIn">
<msg time="2024-09-30T12:01:12.221641" level="INFO">Slept 5 seconds.</msg>
<arg>5</arg>
<doc>Pauses the test executed for the given time.</doc>
<status status="PASS" start="2024-09-30T12:01:07.221411" elapsed="5.000230"/>
</kw>
<kw name="Get WebElement" owner="SeleniumLibrary">
<msg time="2024-09-30T12:01:12.227820" level="INFO">${bouton} = &lt;selenium.webdriver.remote.webelement.WebElement (session="56396a04c94cc5d4cf25ad86f759ac0c", element="f.B924C11AE508550695358611E96143C6.d.F762EBAC93EE2FBC9750CA9CA01D9094.e.8")&gt;</msg>
<var>${bouton}</var>
<arg>//form//button[not(@id)]</arg>
<doc>Returns the first WebElement matching the given ``locator``.</doc>
<status status="PASS" start="2024-09-30T12:01:12.222964" elapsed="0.004856"/>
</kw>
<kw name="Click Element" owner="SeleniumLibrary">
<msg time="2024-09-30T12:01:12.227820" level="INFO">Clicking element '&lt;selenium.webdriver.remote.webelement.WebElement (session="56396a04c94cc5d4cf25ad86f759ac0c", element="f.B924C11AE508550695358611E96143C6.d.F762EBAC93EE2FBC9750CA9CA01D9094.e.8")&gt;'.</msg>
<arg>${bouton}</arg>
<doc>Click the element identified by ``locator``.</doc>
<status status="PASS" start="2024-09-30T12:01:12.227820" elapsed="0.068868"/>
</kw>
<kw name="Sleep" owner="BuiltIn">
<msg time="2024-09-30T12:01:22.297260" level="INFO">Slept 10 seconds.</msg>
<arg>10</arg>
<doc>Pauses the test executed for the given time.</doc>
<status status="PASS" start="2024-09-30T12:01:12.296688" elapsed="10.000572"/>
</kw>
<tag>Smoke</tag>
<status status="PASS" start="2024-09-30T11:59:18.036234" elapsed="124.261026"/>
</test>
<test id="s1-t2" name="deuxieme test" line="30">
<kw name="Log" owner="BuiltIn">
<msg time="2024-09-30T12:01:22.297260" level="INFO">je suis en deuxieme test</msg>
<arg>je suis en deuxieme test</arg>
<doc>Logs the given message with the given level.</doc>
<status status="PASS" start="2024-09-30T12:01:22.297260" elapsed="0.000000"/>
</kw>
<tag>Sanity</tag>
<status status="PASS" start="2024-09-30T12:01:22.297260" elapsed="0.000000"/>
</test>
<status status="PASS" start="2024-09-30T11:59:17.800295" elapsed="124.496965"/>
</suite>
<statistics>
<total>
<stat pass="2" fail="0" skip="0">All Tests</stat>
</total>
<tag>
<stat pass="1" fail="0" skip="0">Sanity</stat>
<stat pass="1" fail="0" skip="0">Smoke</stat>
</tag>
<suite>
<stat pass="2" fail="0" skip="0" id="s1" name="Testbsuite">Testbsuite</stat>
</suite>
</statistics>
<errors>
<msg time="2024-09-30T12:00:42.951437" level="WARN">Exception managing chrome: error sending request for url (https://googlechromelabs.github.io/chrome-for-testing/known-good-versions-with-downloads.json)</msg>
</errors>
</robot>
